{"/Users/dagurleobergsson/repositories/timer/src/formatter.ts": {"path":"/Users/dagurleobergsson/repositories/timer/src/formatter.ts","statementMap":{"0":{"start":{"line":1,"column":0},"end":{"line":1,"column":null}},"1":{"start":{"line":2,"column":2},"end":{"line":2,"column":null}},"2":{"start":{"line":3,"column":2},"end":{"line":3,"column":null}},"3":{"start":{"line":4,"column":2},"end":{"line":4,"column":null}},"4":{"start":{"line":5,"column":2},"end":{"line":5,"column":null}},"5":{"start":{"line":6,"column":2},"end":{"line":6,"column":null}},"6":{"start":{"line":7,"column":2},"end":{"line":7,"column":null}},"7":{"start":{"line":8,"column":2},"end":{"line":8,"column":null}},"8":{"start":{"line":9,"column":2},"end":{"line":9,"column":null}},"9":{"start":{"line":10,"column":2},"end":{"line":10,"column":null}},"10":{"start":{"line":11,"column":2},"end":{"line":11,"column":null}},"11":{"start":{"line":12,"column":2},"end":{"line":12,"column":null}},"12":{"start":{"line":13,"column":2},"end":{"line":13,"column":null}},"13":{"start":{"line":14,"column":2},"end":{"line":14,"column":null}},"14":{"start":{"line":15,"column":2},"end":{"line":15,"column":null}},"15":{"start":{"line":16,"column":2},"end":{"line":16,"column":null}},"16":{"start":{"line":17,"column":2},"end":{"line":17,"column":null}},"17":{"start":{"line":18,"column":2},"end":{"line":18,"column":null}},"18":{"start":{"line":19,"column":2},"end":{"line":19,"column":null}},"19":{"start":{"line":22,"column":0},"end":{"line":22,"column":null}},"20":{"start":{"line":35,"column":4},"end":{"line":39,"column":null}},"21":{"start":{"line":36,"column":6},"end":{"line":36,"column":null}},"22":{"start":{"line":38,"column":6},"end":{"line":38,"column":null}},"23":{"start":{"line":40,"column":4},"end":{"line":40,"column":null}},"24":{"start":{"line":41,"column":4},"end":{"line":41,"column":null}},"25":{"start":{"line":42,"column":4},"end":{"line":42,"column":null}},"26":{"start":{"line":43,"column":4},"end":{"line":43,"column":null}},"27":{"start":{"line":44,"column":4},"end":{"line":44,"column":null}},"28":{"start":{"line":45,"column":4},"end":{"line":45,"column":null}},"29":{"start":{"line":46,"column":4},"end":{"line":46,"column":null}},"30":{"start":{"line":47,"column":4},"end":{"line":47,"column":null}},"31":{"start":{"line":48,"column":4},"end":{"line":56,"column":null}},"32":{"start":{"line":57,"column":4},"end":{"line":70,"column":null}},"33":{"start":{"line":73,"column":9},"end":{"line":84,"column":null}},"34":{"start":{"line":73,"column":2},"end":{"line":73,"column":9}},"35":{"start":{"line":74,"column":35},"end":{"line":75,"column":null}},"36":{"start":{"line":77,"column":27},"end":{"line":77,"column":60}},"37":{"start":{"line":78,"column":17},"end":{"line":78,"column":19}},"38":{"start":{"line":79,"column":4},"end":{"line":81,"column":null}},"39":{"start":{"line":80,"column":6},"end":{"line":80,"column":null}},"40":{"start":{"line":83,"column":4},"end":{"line":83,"column":null}},"41":{"start":{"line":86,"column":9},"end":{"line":89,"column":null}},"42":{"start":{"line":87,"column":22},"end":{"line":87,"column":55}},"43":{"start":{"line":88,"column":4},"end":{"line":88,"column":null}},"44":{"start":{"line":91,"column":9},"end":{"line":134,"column":null}},"45":{"start":{"line":92,"column":4},"end":{"line":133,"column":null}},"46":{"start":{"line":94,"column":8},"end":{"line":94,"column":null}},"47":{"start":{"line":96,"column":8},"end":{"line":96,"column":null}},"48":{"start":{"line":98,"column":8},"end":{"line":98,"column":null}},"49":{"start":{"line":100,"column":8},"end":{"line":100,"column":null}},"50":{"start":{"line":102,"column":8},"end":{"line":102,"column":null}},"51":{"start":{"line":104,"column":8},"end":{"line":104,"column":null}},"52":{"start":{"line":106,"column":8},"end":{"line":106,"column":null}},"53":{"start":{"line":108,"column":8},"end":{"line":108,"column":null}},"54":{"start":{"line":110,"column":8},"end":{"line":110,"column":null}},"55":{"start":{"line":112,"column":8},"end":{"line":112,"column":null}},"56":{"start":{"line":114,"column":8},"end":{"line":116,"column":null}},"57":{"start":{"line":118,"column":8},"end":{"line":118,"column":null}},"58":{"start":{"line":120,"column":8},"end":{"line":120,"column":null}},"59":{"start":{"line":122,"column":8},"end":{"line":122,"column":null}},"60":{"start":{"line":124,"column":8},"end":{"line":124,"column":null}},"61":{"start":{"line":126,"column":8},"end":{"line":126,"column":null}},"62":{"start":{"line":128,"column":8},"end":{"line":128,"column":null}},"63":{"start":{"line":130,"column":8},"end":{"line":130,"column":null}},"64":{"start":{"line":132,"column":8},"end":{"line":132,"column":null}},"65":{"start":{"line":136,"column":9},"end":{"line":145,"column":null}},"66":{"start":{"line":137,"column":4},"end":{"line":144,"column":null}},"67":{"start":{"line":146,"column":9},"end":{"line":152,"column":null}},"68":{"start":{"line":147,"column":4},"end":{"line":151,"column":null}},"69":{"start":{"line":148,"column":6},"end":{"line":148,"column":null}},"70":{"start":{"line":150,"column":6},"end":{"line":150,"column":null}},"71":{"start":{"line":153,"column":9},"end":{"line":159,"column":null}},"72":{"start":{"line":154,"column":4},"end":{"line":158,"column":null}},"73":{"start":{"line":155,"column":6},"end":{"line":155,"column":null}},"74":{"start":{"line":157,"column":6},"end":{"line":157,"column":null}},"75":{"start":{"line":160,"column":0},"end":{"line":160,"column":null}},"76":{"start":{"line":162,"column":0},"end":{"line":162,"column":null}}},"fnMap":{"0":{"name":"(anonymous_0)","decl":{"start":{"line":1,"column":0},"end":{"line":1,"column":5}},"loc":{"start":{"line":1,"column":21},"end":{"line":20,"column":1}}},"1":{"name":"(anonymous_1)","decl":{"start":{"line":22,"column":0},"end":{"line":22,"column":null}},"loc":{"start":{"line":22,"column":0},"end":{"line":160,"column":null}}},"2":{"name":"Formatter","decl":{"start":{"line":34,"column":2},"end":{"line":34,"column":14}},"loc":{"start":{"line":34,"column":49},"end":{"line":71,"column":3}}},"3":{"name":"(anonymous_3)","decl":{"start":{"line":73,"column":2},"end":{"line":73,"column":9}},"loc":{"start":{"line":73,"column":37},"end":{"line":84,"column":3}}},"4":{"name":"(anonymous_4)","decl":{"start":{"line":79,"column":57},"end":{"line":79,"column":58}},"loc":{"start":{"line":79,"column":71},"end":{"line":81,"column":5}}},"5":{"name":"(anonymous_5)","decl":{"start":{"line":86,"column":2},"end":{"line":86,"column":9}},"loc":{"start":{"line":86,"column":48},"end":{"line":89,"column":3}}},"6":{"name":"(anonymous_6)","decl":{"start":{"line":91,"column":2},"end":{"line":91,"column":9}},"loc":{"start":{"line":91,"column":62},"end":{"line":134,"column":3}}},"7":{"name":"(anonymous_7)","decl":{"start":{"line":136,"column":2},"end":{"line":136,"column":9}},"loc":{"start":{"line":136,"column":31},"end":{"line":145,"column":3}}},"8":{"name":"(anonymous_8)","decl":{"start":{"line":146,"column":2},"end":{"line":146,"column":9}},"loc":{"start":{"line":146,"column":32},"end":{"line":152,"column":3}}},"9":{"name":"(anonymous_9)","decl":{"start":{"line":153,"column":2},"end":{"line":153,"column":9}},"loc":{"start":{"line":153,"column":37},"end":{"line":159,"column":3}}}},"branchMap":{"0":{"loc":{"start":{"line":1,"column":5},"end":{"line":1,"column":21}},"type":"binary-expr","locations":[{"start":{"line":1,"column":5},"end":{"line":1,"column":21}},{"start":{"line":1,"column":5},"end":{"line":1,"column":null}}]},"1":{"loc":{"start":{"line":35,"column":4},"end":{"line":39,"column":null}},"type":"if","locations":[{"start":{"line":35,"column":4},"end":{"line":39,"column":null}},{"start":{"line":35,"column":4},"end":{"line":39,"column":null}}]},"2":{"loc":{"start":{"line":77,"column":27},"end":{"line":77,"column":39}},"type":"binary-expr","locations":[{"start":{"line":77,"column":27},"end":{"line":77,"column":39}},{"start":{"line":77,"column":43},"end":{"line":77,"column":60}}]},"3":{"loc":{"start":{"line":93,"column":6},"end":{"line":94,"column":null}},"type":"switch","locations":[{"start":{"line":93,"column":6},"end":{"line":94,"column":null}},{"start":{"line":95,"column":6},"end":{"line":96,"column":null}},{"start":{"line":97,"column":6},"end":{"line":98,"column":null}},{"start":{"line":99,"column":6},"end":{"line":100,"column":null}},{"start":{"line":101,"column":6},"end":{"line":102,"column":null}},{"start":{"line":103,"column":6},"end":{"line":104,"column":null}},{"start":{"line":105,"column":6},"end":{"line":106,"column":null}},{"start":{"line":107,"column":6},"end":{"line":108,"column":null}},{"start":{"line":109,"column":6},"end":{"line":110,"column":null}},{"start":{"line":111,"column":6},"end":{"line":112,"column":null}},{"start":{"line":113,"column":6},"end":{"line":116,"column":null}},{"start":{"line":117,"column":6},"end":{"line":118,"column":null}},{"start":{"line":119,"column":6},"end":{"line":120,"column":null}},{"start":{"line":121,"column":6},"end":{"line":122,"column":null}},{"start":{"line":123,"column":6},"end":{"line":124,"column":null}},{"start":{"line":125,"column":6},"end":{"line":126,"column":null}},{"start":{"line":127,"column":6},"end":{"line":128,"column":null}},{"start":{"line":129,"column":6},"end":{"line":130,"column":null}},{"start":{"line":131,"column":6},"end":{"line":132,"column":null}}]},"4":{"loc":{"start":{"line":115,"column":32},"end":{"line":115,"column":51}},"type":"cond-expr","locations":[{"start":{"line":115,"column":32},"end":{"line":115,"column":51}},{"start":{"line":115,"column":54},"end":{"line":115,"column":68}}]},"5":{"loc":{"start":{"line":128,"column":37},"end":{"line":128,"column":41}},"type":"cond-expr","locations":[{"start":{"line":128,"column":37},"end":{"line":128,"column":41}},{"start":{"line":128,"column":44},"end":{"line":128,"column":48}}]},"6":{"loc":{"start":{"line":140,"column":10},"end":{"line":141,"column":null}},"type":"cond-expr","locations":[{"start":{"line":140,"column":10},"end":{"line":141,"column":null}},{"start":{"line":143,"column":10},"end":{"line":143,"column":12}}]},"7":{"loc":{"start":{"line":141,"column":52},"end":{"line":141,"column":53}},"type":"cond-expr","locations":[{"start":{"line":141,"column":52},"end":{"line":141,"column":53}},{"start":{"line":141,"column":56},"end":{"line":141,"column":64}}]},"8":{"loc":{"start":{"line":141,"column":13},"end":{"line":141,"column":20}},"type":"binary-expr","locations":[{"start":{"line":141,"column":13},"end":{"line":141,"column":20}},{"start":{"line":141,"column":24},"end":{"line":141,"column":32}},{"start":{"line":141,"column":37},"end":{"line":141,"column":49}}]},"9":{"loc":{"start":{"line":147,"column":4},"end":{"line":151,"column":null}},"type":"if","locations":[{"start":{"line":147,"column":4},"end":{"line":151,"column":null}},{"start":{"line":147,"column":4},"end":{"line":151,"column":null}}]},"10":{"loc":{"start":{"line":154,"column":4},"end":{"line":158,"column":null}},"type":"if","locations":[{"start":{"line":154,"column":4},"end":{"line":158,"column":null}},{"start":{"line":154,"column":4},"end":{"line":158,"column":null}}]}},"s":{"0":1,"1":1,"2":1,"3":1,"4":1,"5":1,"6":1,"7":1,"8":1,"9":1,"10":1,"11":1,"12":1,"13":1,"14":1,"15":1,"16":1,"17":1,"18":1,"19":1,"20":0,"21":0,"22":0,"23":0,"24":0,"25":0,"26":0,"27":0,"28":0,"29":0,"30":0,"31":0,"32":0,"33":1,"34":0,"35":0,"36":0,"37":0,"38":0,"39":0,"40":0,"41":1,"42":0,"43":0,"44":1,"45":0,"46":0,"47":0,"48":0,"49":0,"50":0,"51":0,"52":0,"53":0,"54":0,"55":0,"56":0,"57":0,"58":0,"59":0,"60":0,"61":0,"62":0,"63":0,"64":0,"65":1,"66":0,"67":1,"68":0,"69":0,"70":0,"71":1,"72":0,"73":0,"74":0,"75":1,"76":1},"f":{"0":1,"1":1,"2":0,"3":0,"4":0,"5":0,"6":0,"7":0,"8":0,"9":0},"b":{"0":[1,1],"1":[0,0],"2":[0,0],"3":[0,0,0,0,0,0,0,0,0,0,0,0,0,0,0,0,0,0,0],"4":[0,0],"5":[0,0],"6":[0,0],"7":[0,0],"8":[0,0,0],"9":[0,0],"10":[0,0]}}
,"/Users/dagurleobergsson/repositories/timer/src/index.ts": {"path":"/Users/dagurleobergsson/repositories/timer/src/index.ts","statementMap":{"0":{"start":{"line":1,"column":0},"end":{"line":1,"column":35}},"1":{"start":{"line":2,"column":0},"end":{"line":2,"column":null}},"2":{"start":{"line":3,"column":10},"end":{"line":3,"column":null}},"3":{"start":{"line":4,"column":10},"end":{"line":4,"column":null}},"4":{"start":{"line":5,"column":10},"end":{"line":5,"column":null}},"5":{"start":{"line":6,"column":10},"end":{"line":6,"column":null}},"6":{"start":{"line":9,"column":4},"end":{"line":49,"column":null}},"7":{"start":{"line":10,"column":6},"end":{"line":46,"column":null}},"8":{"start":{"line":11,"column":8},"end":{"line":11,"column":null}},"9":{"start":{"line":12,"column":13},"end":{"line":46,"column":null}},"10":{"start":{"line":13,"column":13},"end":{"line":46,"column":null}},"11":{"start":{"line":14,"column":8},"end":{"line":14,"column":null}},"12":{"start":{"line":16,"column":8},"end":{"line":16,"column":null}},"13":{"start":{"line":17,"column":21},"end":{"line":17,"column":31}},"14":{"start":{"line":18,"column":8},"end":{"line":42,"column":null}},"15":{"start":{"line":19,"column":10},"end":{"line":19,"column":null}},"16":{"start":{"line":21,"column":10},"end":{"line":23,"column":null}},"17":{"start":{"line":22,"column":12},"end":{"line":22,"column":null}},"18":{"start":{"line":24,"column":10},"end":{"line":26,"column":null}},"19":{"start":{"line":25,"column":12},"end":{"line":25,"column":null}},"20":{"start":{"line":27,"column":10},"end":{"line":29,"column":null}},"21":{"start":{"line":28,"column":12},"end":{"line":28,"column":null}},"22":{"start":{"line":30,"column":10},"end":{"line":32,"column":null}},"23":{"start":{"line":31,"column":12},"end":{"line":31,"column":null}},"24":{"start":{"line":33,"column":10},"end":{"line":35,"column":null}},"25":{"start":{"line":34,"column":12},"end":{"line":34,"column":null}},"26":{"start":{"line":36,"column":10},"end":{"line":38,"column":null}},"27":{"start":{"line":37,"column":12},"end":{"line":37,"column":null}},"28":{"start":{"line":39,"column":10},"end":{"line":41,"column":null}},"29":{"start":{"line":40,"column":12},"end":{"line":40,"column":null}},"30":{"start":{"line":43,"column":8},"end":{"line":43,"column":null}},"31":{"start":{"line":45,"column":8},"end":{"line":45,"column":null}},"32":{"start":{"line":48,"column":6},"end":{"line":48,"column":null}},"33":{"start":{"line":52,"column":16},"end":{"line":54,"column":null}},"34":{"start":{"line":53,"column":4},"end":{"line":53,"column":null}},"35":{"start":{"line":56,"column":16},"end":{"line":61,"column":null}},"36":{"start":{"line":57,"column":4},"end":{"line":59,"column":null}},"37":{"start":{"line":58,"column":6},"end":{"line":58,"column":null}},"38":{"start":{"line":60,"column":4},"end":{"line":60,"column":null}},"39":{"start":{"line":65,"column":9},"end":{"line":86,"column":null}},"40":{"start":{"line":66,"column":4},"end":{"line":85,"column":null}},"41":{"start":{"line":68,"column":8},"end":{"line":68,"column":null}},"42":{"start":{"line":70,"column":8},"end":{"line":70,"column":null}},"43":{"start":{"line":72,"column":8},"end":{"line":72,"column":null}},"44":{"start":{"line":74,"column":8},"end":{"line":74,"column":null}},"45":{"start":{"line":76,"column":8},"end":{"line":76,"column":null}},"46":{"start":{"line":78,"column":8},"end":{"line":78,"column":null}},"47":{"start":{"line":80,"column":8},"end":{"line":80,"column":null}},"48":{"start":{"line":82,"column":8},"end":{"line":82,"column":null}},"49":{"start":{"line":84,"column":8},"end":{"line":84,"column":null}},"50":{"start":{"line":88,"column":9},"end":{"line":95,"column":null}},"51":{"start":{"line":89,"column":4},"end":{"line":89,"column":null}},"52":{"start":{"line":90,"column":4},"end":{"line":93,"column":null}},"53":{"start":{"line":91,"column":26},"end":{"line":91,"column":59}},"54":{"start":{"line":92,"column":6},"end":{"line":92,"column":null}},"55":{"start":{"line":94,"column":4},"end":{"line":94,"column":null}},"56":{"start":{"line":97,"column":9},"end":{"line":111,"column":null}},"57":{"start":{"line":98,"column":4},"end":{"line":98,"column":null}},"58":{"start":{"line":99,"column":4},"end":{"line":109,"column":null}},"59":{"start":{"line":100,"column":21},"end":{"line":100,"column":56}},"60":{"start":{"line":101,"column":27},"end":{"line":101,"column":58}},"61":{"start":{"line":102,"column":6},"end":{"line":102,"column":null}},"62":{"start":{"line":103,"column":26},"end":{"line":103,"column":48}},"63":{"start":{"line":105,"column":6},"end":{"line":108,"column":null}},"64":{"start":{"line":110,"column":4},"end":{"line":110,"column":null}},"65":{"start":{"line":113,"column":9},"end":{"line":120,"column":null}},"66":{"start":{"line":114,"column":4},"end":{"line":114,"column":null}},"67":{"start":{"line":115,"column":4},"end":{"line":118,"column":null}},"68":{"start":{"line":116,"column":25},"end":{"line":116,"column":61}},"69":{"start":{"line":117,"column":6},"end":{"line":117,"column":null}},"70":{"start":{"line":119,"column":4},"end":{"line":119,"column":null}},"71":{"start":{"line":122,"column":9},"end":{"line":128,"column":null}},"72":{"start":{"line":123,"column":4},"end":{"line":123,"column":null}},"73":{"start":{"line":124,"column":4},"end":{"line":126,"column":null}},"74":{"start":{"line":125,"column":6},"end":{"line":125,"column":null}},"75":{"start":{"line":127,"column":4},"end":{"line":127,"column":null}},"76":{"start":{"line":130,"column":9},"end":{"line":136,"column":null}},"77":{"start":{"line":131,"column":4},"end":{"line":131,"column":null}},"78":{"start":{"line":132,"column":4},"end":{"line":134,"column":null}},"79":{"start":{"line":133,"column":6},"end":{"line":133,"column":null}},"80":{"start":{"line":135,"column":4},"end":{"line":135,"column":null}},"81":{"start":{"line":138,"column":9},"end":{"line":144,"column":null}},"82":{"start":{"line":139,"column":4},"end":{"line":139,"column":null}},"83":{"start":{"line":140,"column":4},"end":{"line":142,"column":null}},"84":{"start":{"line":141,"column":6},"end":{"line":141,"column":null}},"85":{"start":{"line":143,"column":4},"end":{"line":143,"column":null}},"86":{"start":{"line":146,"column":9},"end":{"line":152,"column":null}},"87":{"start":{"line":147,"column":4},"end":{"line":147,"column":null}},"88":{"start":{"line":148,"column":4},"end":{"line":150,"column":null}},"89":{"start":{"line":149,"column":6},"end":{"line":149,"column":null}},"90":{"start":{"line":151,"column":4},"end":{"line":151,"column":null}},"91":{"start":{"line":154,"column":9},"end":{"line":160,"column":null}},"92":{"start":{"line":155,"column":4},"end":{"line":155,"column":null}},"93":{"start":{"line":156,"column":4},"end":{"line":158,"column":null}},"94":{"start":{"line":157,"column":6},"end":{"line":157,"column":null}},"95":{"start":{"line":159,"column":4},"end":{"line":159,"column":null}},"96":{"start":{"line":164,"column":9},"end":{"line":181,"column":null}},"97":{"start":{"line":165,"column":4},"end":{"line":180,"column":null}},"98":{"start":{"line":167,"column":8},"end":{"line":167,"column":null}},"99":{"start":{"line":169,"column":8},"end":{"line":169,"column":null}},"100":{"start":{"line":171,"column":8},"end":{"line":171,"column":null}},"101":{"start":{"line":173,"column":8},"end":{"line":173,"column":null}},"102":{"start":{"line":175,"column":8},"end":{"line":175,"column":null}},"103":{"start":{"line":177,"column":8},"end":{"line":177,"column":null}},"104":{"start":{"line":179,"column":8},"end":{"line":179,"column":null}},"105":{"start":{"line":182,"column":9},"end":{"line":186,"column":null}},"106":{"start":{"line":183,"column":4},"end":{"line":185,"column":null}},"107":{"start":{"line":184,"column":6},"end":{"line":184,"column":null}},"108":{"start":{"line":188,"column":9},"end":{"line":190,"column":null}},"109":{"start":{"line":189,"column":4},"end":{"line":189,"column":null}},"110":{"start":{"line":192,"column":9},"end":{"line":194,"column":null}},"111":{"start":{"line":193,"column":4},"end":{"line":193,"column":null}},"112":{"start":{"line":196,"column":9},"end":{"line":198,"column":null}},"113":{"start":{"line":197,"column":4},"end":{"line":197,"column":null}},"114":{"start":{"line":200,"column":9},"end":{"line":202,"column":null}},"115":{"start":{"line":201,"column":4},"end":{"line":201,"column":null}},"116":{"start":{"line":204,"column":9},"end":{"line":206,"column":null}},"117":{"start":{"line":205,"column":4},"end":{"line":205,"column":null}},"118":{"start":{"line":208,"column":9},"end":{"line":210,"column":null}},"119":{"start":{"line":209,"column":4},"end":{"line":209,"column":null}},"120":{"start":{"line":212,"column":9},"end":{"line":214,"column":null}},"121":{"start":{"line":213,"column":4},"end":{"line":213,"column":null}},"122":{"start":{"line":216,"column":9},"end":{"line":225,"column":null}},"123":{"start":{"line":218,"column":4},"end":{"line":218,"column":null}},"124":{"start":{"line":219,"column":4},"end":{"line":219,"column":null}},"125":{"start":{"line":221,"column":4},"end":{"line":223,"column":null}},"126":{"start":{"line":222,"column":6},"end":{"line":222,"column":null}},"127":{"start":{"line":224,"column":4},"end":{"line":224,"column":null}},"128":{"start":{"line":227,"column":9},"end":{"line":232,"column":null}},"129":{"start":{"line":227,"column":33},"end":{"line":227,"column":null}},"130":{"start":{"line":228,"column":4},"end":{"line":230,"column":null}},"131":{"start":{"line":229,"column":6},"end":{"line":229,"column":null}},"132":{"start":{"line":231,"column":4},"end":{"line":231,"column":null}},"133":{"start":{"line":234,"column":9},"end":{"line":239,"column":null}},"134":{"start":{"line":235,"column":4},"end":{"line":237,"column":null}},"135":{"start":{"line":236,"column":6},"end":{"line":236,"column":null}},"136":{"start":{"line":238,"column":4},"end":{"line":238,"column":null}},"137":{"start":{"line":241,"column":9},"end":{"line":251,"column":null}},"138":{"start":{"line":243,"column":4},"end":{"line":243,"column":null}},"139":{"start":{"line":244,"column":4},"end":{"line":244,"column":null}},"140":{"start":{"line":245,"column":4},"end":{"line":245,"column":null}},"141":{"start":{"line":247,"column":4},"end":{"line":249,"column":null}},"142":{"start":{"line":248,"column":6},"end":{"line":248,"column":null}},"143":{"start":{"line":250,"column":4},"end":{"line":250,"column":null}},"144":{"start":{"line":253,"column":9},"end":{"line":258,"column":null}},"145":{"start":{"line":253,"column":33},"end":{"line":253,"column":53}},"146":{"start":{"line":253,"column":53},"end":{"line":253,"column":null}},"147":{"start":{"line":254,"column":4},"end":{"line":256,"column":null}},"148":{"start":{"line":255,"column":6},"end":{"line":255,"column":null}},"149":{"start":{"line":257,"column":4},"end":{"line":257,"column":null}},"150":{"start":{"line":260,"column":9},"end":{"line":265,"column":null}},"151":{"start":{"line":260,"column":33},"end":{"line":260,"column":null}},"152":{"start":{"line":261,"column":4},"end":{"line":263,"column":null}},"153":{"start":{"line":262,"column":6},"end":{"line":262,"column":null}},"154":{"start":{"line":264,"column":4},"end":{"line":264,"column":null}},"155":{"start":{"line":267,"column":9},"end":{"line":272,"column":null}},"156":{"start":{"line":267,"column":25},"end":{"line":267,"column":null}},"157":{"start":{"line":268,"column":4},"end":{"line":270,"column":null}},"158":{"start":{"line":269,"column":6},"end":{"line":269,"column":null}},"159":{"start":{"line":271,"column":4},"end":{"line":271,"column":null}},"160":{"start":{"line":274,"column":9},"end":{"line":276,"column":null}},"161":{"start":{"line":275,"column":4},"end":{"line":275,"column":null}},"162":{"start":{"line":278,"column":9},"end":{"line":280,"column":null}},"163":{"start":{"line":279,"column":4},"end":{"line":279,"column":null}},"164":{"start":{"line":282,"column":9},"end":{"line":284,"column":null}},"165":{"start":{"line":283,"column":4},"end":{"line":283,"column":null}},"166":{"start":{"line":286,"column":9},"end":{"line":288,"column":null}},"167":{"start":{"line":287,"column":4},"end":{"line":287,"column":null}},"168":{"start":{"line":290,"column":9},"end":{"line":292,"column":null}},"169":{"start":{"line":291,"column":4},"end":{"line":291,"column":null}},"170":{"start":{"line":294,"column":9},"end":{"line":296,"column":null}},"171":{"start":{"line":295,"column":4},"end":{"line":295,"column":null}},"172":{"start":{"line":298,"column":9},"end":{"line":300,"column":null}},"173":{"start":{"line":299,"column":4},"end":{"line":299,"column":null}},"174":{"start":{"line":302,"column":9},"end":{"line":304,"column":null}},"175":{"start":{"line":303,"column":4},"end":{"line":303,"column":null}},"176":{"start":{"line":306,"column":9},"end":{"line":308,"column":null}},"177":{"start":{"line":307,"column":4},"end":{"line":307,"column":null}},"178":{"start":{"line":310,"column":9},"end":{"line":314,"column":null}},"179":{"start":{"line":311,"column":4},"end":{"line":313,"column":null}},"180":{"start":{"line":312,"column":6},"end":{"line":312,"column":null}},"181":{"start":{"line":316,"column":9},"end":{"line":330,"column":null}},"182":{"start":{"line":318,"column":4},"end":{"line":326,"column":null}},"183":{"start":{"line":319,"column":6},"end":{"line":319,"column":null}},"184":{"start":{"line":320,"column":11},"end":{"line":326,"column":null}},"185":{"start":{"line":321,"column":6},"end":{"line":321,"column":null}},"186":{"start":{"line":322,"column":11},"end":{"line":326,"column":null}},"187":{"start":{"line":323,"column":6},"end":{"line":323,"column":null}},"188":{"start":{"line":325,"column":6},"end":{"line":325,"column":null}},"189":{"start":{"line":327,"column":19},"end":{"line":327,"column":79}},"190":{"start":{"line":329,"column":4},"end":{"line":329,"column":null}},"191":{"start":{"line":332,"column":9},"end":{"line":334,"column":null}},"192":{"start":{"line":333,"column":4},"end":{"line":333,"column":null}},"193":{"start":{"line":335,"column":0},"end":{"line":335,"column":null}},"194":{"start":{"line":337,"column":0},"end":{"line":337,"column":null}},"195":{"start":{"line":339,"column":19},"end":{"line":364,"column":1}},"196":{"start":{"line":340,"column":2},"end":{"line":363,"column":null}},"197":{"start":{"line":341,"column":4},"end":{"line":341,"column":null}},"198":{"start":{"line":343,"column":4},"end":{"line":362,"column":null}},"199":{"start":{"line":344,"column":6},"end":{"line":344,"column":null}},"200":{"start":{"line":345,"column":11},"end":{"line":362,"column":null}},"201":{"start":{"line":346,"column":6},"end":{"line":346,"column":null}},"202":{"start":{"line":347,"column":11},"end":{"line":362,"column":null}},"203":{"start":{"line":351,"column":6},"end":{"line":351,"column":null}},"204":{"start":{"line":352,"column":11},"end":{"line":362,"column":null}},"205":{"start":{"line":356,"column":6},"end":{"line":356,"column":null}},"206":{"start":{"line":357,"column":11},"end":{"line":362,"column":null}},"207":{"start":{"line":361,"column":6},"end":{"line":361,"column":null}},"208":{"start":{"line":366,"column":21},"end":{"line":373,"column":1}},"209":{"start":{"line":367,"column":2},"end":{"line":371,"column":null}},"210":{"start":{"line":368,"column":4},"end":{"line":368,"column":null}},"211":{"start":{"line":369,"column":9},"end":{"line":371,"column":null}},"212":{"start":{"line":370,"column":4},"end":{"line":370,"column":null}},"213":{"start":{"line":372,"column":2},"end":{"line":372,"column":null}},"214":{"start":{"line":374,"column":23},"end":{"line":381,"column":1}},"215":{"start":{"line":375,"column":13},"end":{"line":375,"column":31}},"216":{"start":{"line":376,"column":19},"end":{"line":376,"column":34}},"217":{"start":{"line":377,"column":23},"end":{"line":377,"column":34}},"218":{"start":{"line":378,"column":2},"end":{"line":378,"column":null}},"219":{"start":{"line":379,"column":2},"end":{"line":379,"column":null}},"220":{"start":{"line":380,"column":2},"end":{"line":380,"column":null}},"221":{"start":{"line":392,"column":0},"end":{"line":392,"column":null}},"222":{"start":{"line":393,"column":2},"end":{"line":393,"column":null}},"223":{"start":{"line":394,"column":2},"end":{"line":394,"column":null}},"224":{"start":{"line":395,"column":2},"end":{"line":395,"column":null}},"225":{"start":{"line":396,"column":2},"end":{"line":396,"column":null}},"226":{"start":{"line":397,"column":2},"end":{"line":397,"column":null}},"227":{"start":{"line":398,"column":2},"end":{"line":398,"column":null}},"228":{"start":{"line":399,"column":2},"end":{"line":399,"column":null}},"229":{"start":{"line":400,"column":2},"end":{"line":400,"column":null}}},"fnMap":{"0":{"name":"(anonymous_1)","decl":{"start":{"line":2,"column":0},"end":{"line":2,"column":null}},"loc":{"start":{"line":2,"column":0},"end":{"line":335,"column":null}}},"1":{"name":"Timer","decl":{"start":{"line":8,"column":2},"end":{"line":8,"column":14}},"loc":{"start":{"line":8,"column":62},"end":{"line":50,"column":3}}},"2":{"name":"(anonymous_3)","decl":{"start":{"line":52,"column":2},"end":{"line":52,"column":16}},"loc":{"start":{"line":52,"column":46},"end":{"line":54,"column":3}}},"3":{"name":"(anonymous_4)","decl":{"start":{"line":56,"column":2},"end":{"line":56,"column":16}},"loc":{"start":{"line":56,"column":46},"end":{"line":61,"column":3}}},"4":{"name":"(anonymous_5)","decl":{"start":{"line":65,"column":2},"end":{"line":65,"column":9}},"loc":{"start":{"line":65,"column":38},"end":{"line":86,"column":3}}},"5":{"name":"(anonymous_6)","decl":{"start":{"line":88,"column":2},"end":{"line":88,"column":9}},"loc":{"start":{"line":88,"column":31},"end":{"line":95,"column":3}}},"6":{"name":"(anonymous_7)","decl":{"start":{"line":97,"column":2},"end":{"line":97,"column":9}},"loc":{"start":{"line":97,"column":33},"end":{"line":111,"column":3}}},"7":{"name":"(anonymous_8)","decl":{"start":{"line":113,"column":2},"end":{"line":113,"column":9}},"loc":{"start":{"line":113,"column":31},"end":{"line":120,"column":3}}},"8":{"name":"(anonymous_9)","decl":{"start":{"line":122,"column":2},"end":{"line":122,"column":9}},"loc":{"start":{"line":122,"column":29},"end":{"line":128,"column":3}}},"9":{"name":"(anonymous_10)","decl":{"start":{"line":130,"column":2},"end":{"line":130,"column":9}},"loc":{"start":{"line":130,"column":31},"end":{"line":136,"column":3}}},"10":{"name":"(anonymous_11)","decl":{"start":{"line":138,"column":2},"end":{"line":138,"column":9}},"loc":{"start":{"line":138,"column":35},"end":{"line":144,"column":3}}},"11":{"name":"(anonymous_12)","decl":{"start":{"line":146,"column":2},"end":{"line":146,"column":9}},"loc":{"start":{"line":146,"column":35},"end":{"line":152,"column":3}}},"12":{"name":"(anonymous_13)","decl":{"start":{"line":154,"column":2},"end":{"line":154,"column":9}},"loc":{"start":{"line":154,"column":45},"end":{"line":160,"column":3}}},"13":{"name":"(anonymous_14)","decl":{"start":{"line":164,"column":2},"end":{"line":164,"column":9}},"loc":{"start":{"line":164,"column":38},"end":{"line":181,"column":3}}},"14":{"name":"(anonymous_15)","decl":{"start":{"line":182,"column":2},"end":{"line":182,"column":9}},"loc":{"start":{"line":182,"column":31},"end":{"line":186,"column":3}}},"15":{"name":"(anonymous_16)","decl":{"start":{"line":188,"column":2},"end":{"line":188,"column":9}},"loc":{"start":{"line":188,"column":33},"end":{"line":190,"column":3}}},"16":{"name":"(anonymous_17)","decl":{"start":{"line":192,"column":2},"end":{"line":192,"column":9}},"loc":{"start":{"line":192,"column":31},"end":{"line":194,"column":3}}},"17":{"name":"(anonymous_18)","decl":{"start":{"line":196,"column":2},"end":{"line":196,"column":9}},"loc":{"start":{"line":196,"column":29},"end":{"line":198,"column":3}}},"18":{"name":"(anonymous_19)","decl":{"start":{"line":200,"column":2},"end":{"line":200,"column":9}},"loc":{"start":{"line":200,"column":31},"end":{"line":202,"column":3}}},"19":{"name":"(anonymous_20)","decl":{"start":{"line":204,"column":2},"end":{"line":204,"column":9}},"loc":{"start":{"line":204,"column":35},"end":{"line":206,"column":3}}},"20":{"name":"(anonymous_21)","decl":{"start":{"line":208,"column":2},"end":{"line":208,"column":9}},"loc":{"start":{"line":208,"column":35},"end":{"line":210,"column":3}}},"21":{"name":"(anonymous_22)","decl":{"start":{"line":212,"column":2},"end":{"line":212,"column":9}},"loc":{"start":{"line":212,"column":45},"end":{"line":214,"column":3}}},"22":{"name":"(anonymous_23)","decl":{"start":{"line":216,"column":2},"end":{"line":216,"column":9}},"loc":{"start":{"line":219,"column":23},"end":{"line":225,"column":3}}},"23":{"name":"(anonymous_24)","decl":{"start":{"line":227,"column":2},"end":{"line":227,"column":9}},"loc":{"start":{"line":227,"column":52},"end":{"line":232,"column":3}}},"24":{"name":"(anonymous_25)","decl":{"start":{"line":234,"column":2},"end":{"line":234,"column":9}},"loc":{"start":{"line":234,"column":29},"end":{"line":239,"column":3}}},"25":{"name":"(anonymous_26)","decl":{"start":{"line":241,"column":2},"end":{"line":241,"column":9}},"loc":{"start":{"line":245,"column":21},"end":{"line":251,"column":3}}},"26":{"name":"(anonymous_27)","decl":{"start":{"line":253,"column":2},"end":{"line":253,"column":9}},"loc":{"start":{"line":253,"column":70},"end":{"line":258,"column":3}}},"27":{"name":"(anonymous_28)","decl":{"start":{"line":260,"column":2},"end":{"line":260,"column":9}},"loc":{"start":{"line":260,"column":50},"end":{"line":265,"column":3}}},"28":{"name":"(anonymous_29)","decl":{"start":{"line":267,"column":2},"end":{"line":267,"column":9}},"loc":{"start":{"line":267,"column":42},"end":{"line":272,"column":3}}},"29":{"name":"(anonymous_30)","decl":{"start":{"line":274,"column":2},"end":{"line":274,"column":9}},"loc":{"start":{"line":274,"column":2},"end":{"line":276,"column":3}}},"30":{"name":"(anonymous_31)","decl":{"start":{"line":278,"column":2},"end":{"line":278,"column":9}},"loc":{"start":{"line":278,"column":2},"end":{"line":280,"column":3}}},"31":{"name":"(anonymous_32)","decl":{"start":{"line":282,"column":2},"end":{"line":282,"column":9}},"loc":{"start":{"line":282,"column":2},"end":{"line":284,"column":3}}},"32":{"name":"(anonymous_33)","decl":{"start":{"line":286,"column":2},"end":{"line":286,"column":9}},"loc":{"start":{"line":286,"column":2},"end":{"line":288,"column":3}}},"33":{"name":"(anonymous_34)","decl":{"start":{"line":290,"column":2},"end":{"line":290,"column":9}},"loc":{"start":{"line":290,"column":2},"end":{"line":292,"column":3}}},"34":{"name":"(anonymous_35)","decl":{"start":{"line":294,"column":2},"end":{"line":294,"column":9}},"loc":{"start":{"line":294,"column":2},"end":{"line":296,"column":3}}},"35":{"name":"(anonymous_36)","decl":{"start":{"line":298,"column":2},"end":{"line":298,"column":9}},"loc":{"start":{"line":298,"column":2},"end":{"line":300,"column":3}}},"36":{"name":"(anonymous_37)","decl":{"start":{"line":302,"column":2},"end":{"line":302,"column":9}},"loc":{"start":{"line":302,"column":2},"end":{"line":304,"column":3}}},"37":{"name":"(anonymous_38)","decl":{"start":{"line":306,"column":2},"end":{"line":306,"column":9}},"loc":{"start":{"line":306,"column":2},"end":{"line":308,"column":3}}},"38":{"name":"(anonymous_39)","decl":{"start":{"line":310,"column":2},"end":{"line":310,"column":9}},"loc":{"start":{"line":310,"column":36},"end":{"line":314,"column":3}}},"39":{"name":"(anonymous_40)","decl":{"start":{"line":316,"column":2},"end":{"line":316,"column":9}},"loc":{"start":{"line":316,"column":57},"end":{"line":330,"column":3}}},"40":{"name":"(anonymous_41)","decl":{"start":{"line":332,"column":2},"end":{"line":332,"column":9}},"loc":{"start":{"line":332,"column":2},"end":{"line":334,"column":3}}},"41":{"name":"(anonymous_42)","decl":{"start":{"line":339,"column":19},"end":{"line":339,"column":20}},"loc":{"start":{"line":339,"column":51},"end":{"line":364,"column":1}}},"42":{"name":"(anonymous_43)","decl":{"start":{"line":366,"column":21},"end":{"line":366,"column":22}},"loc":{"start":{"line":366,"column":32},"end":{"line":373,"column":1}}},"43":{"name":"(anonymous_44)","decl":{"start":{"line":374,"column":23},"end":{"line":374,"column":24}},"loc":{"start":{"line":374,"column":34},"end":{"line":381,"column":1}}},"44":{"name":"(anonymous_45)","decl":{"start":{"line":392,"column":0},"end":{"line":392,"column":12}},"loc":{"start":{"line":392,"column":20},"end":{"line":401,"column":1}}}},"branchMap":{"0":{"loc":{"start":{"line":9,"column":4},"end":{"line":49,"column":null}},"type":"if","locations":[{"start":{"line":9,"column":4},"end":{"line":49,"column":null}},{"start":{"line":9,"column":4},"end":{"line":49,"column":null}}]},"1":{"loc":{"start":{"line":10,"column":6},"end":{"line":46,"column":null}},"type":"if","locations":[{"start":{"line":10,"column":6},"end":{"line":46,"column":null}},{"start":{"line":10,"column":6},"end":{"line":46,"column":null}}]},"2":{"loc":{"start":{"line":12,"column":13},"end":{"line":46,"column":null}},"type":"if","locations":[{"start":{"line":12,"column":13},"end":{"line":46,"column":null}},{"start":{"line":12,"column":13},"end":{"line":46,"column":null}}]},"3":{"loc":{"start":{"line":13,"column":13},"end":{"line":46,"column":null}},"type":"if","locations":[{"start":{"line":13,"column":13},"end":{"line":46,"column":null}},{"start":{"line":13,"column":13},"end":{"line":46,"column":null}}]},"4":{"loc":{"start":{"line":18,"column":8},"end":{"line":42,"column":null}},"type":"if","locations":[{"start":{"line":18,"column":8},"end":{"line":42,"column":null}},{"start":{"line":18,"column":8},"end":{"line":42,"column":null}}]},"5":{"loc":{"start":{"line":21,"column":10},"end":{"line":23,"column":null}},"type":"if","locations":[{"start":{"line":21,"column":10},"end":{"line":23,"column":null}},{"start":{"line":21,"column":10},"end":{"line":23,"column":null}}]},"6":{"loc":{"start":{"line":24,"column":10},"end":{"line":26,"column":null}},"type":"if","locations":[{"start":{"line":24,"column":10},"end":{"line":26,"column":null}},{"start":{"line":24,"column":10},"end":{"line":26,"column":null}}]},"7":{"loc":{"start":{"line":27,"column":10},"end":{"line":29,"column":null}},"type":"if","locations":[{"start":{"line":27,"column":10},"end":{"line":29,"column":null}},{"start":{"line":27,"column":10},"end":{"line":29,"column":null}}]},"8":{"loc":{"start":{"line":30,"column":10},"end":{"line":32,"column":null}},"type":"if","locations":[{"start":{"line":30,"column":10},"end":{"line":32,"column":null}},{"start":{"line":30,"column":10},"end":{"line":32,"column":null}}]},"9":{"loc":{"start":{"line":33,"column":10},"end":{"line":35,"column":null}},"type":"if","locations":[{"start":{"line":33,"column":10},"end":{"line":35,"column":null}},{"start":{"line":33,"column":10},"end":{"line":35,"column":null}}]},"10":{"loc":{"start":{"line":36,"column":10},"end":{"line":38,"column":null}},"type":"if","locations":[{"start":{"line":36,"column":10},"end":{"line":38,"column":null}},{"start":{"line":36,"column":10},"end":{"line":38,"column":null}}]},"11":{"loc":{"start":{"line":39,"column":10},"end":{"line":41,"column":null}},"type":"if","locations":[{"start":{"line":39,"column":10},"end":{"line":41,"column":null}},{"start":{"line":39,"column":10},"end":{"line":41,"column":null}}]},"12":{"loc":{"start":{"line":57,"column":4},"end":{"line":59,"column":null}},"type":"if","locations":[{"start":{"line":57,"column":4},"end":{"line":59,"column":null}},{"start":{"line":57,"column":4},"end":{"line":59,"column":null}}]},"13":{"loc":{"start":{"line":67,"column":6},"end":{"line":68,"column":null}},"type":"switch","locations":[{"start":{"line":67,"column":6},"end":{"line":68,"column":null}},{"start":{"line":69,"column":6},"end":{"line":70,"column":null}},{"start":{"line":71,"column":6},"end":{"line":72,"column":null}},{"start":{"line":73,"column":6},"end":{"line":74,"column":null}},{"start":{"line":75,"column":6},"end":{"line":76,"column":null}},{"start":{"line":77,"column":6},"end":{"line":78,"column":null}},{"start":{"line":79,"column":6},"end":{"line":80,"column":null}},{"start":{"line":81,"column":6},"end":{"line":82,"column":null}},{"start":{"line":83,"column":6},"end":{"line":84,"column":null}}]},"14":{"loc":{"start":{"line":90,"column":4},"end":{"line":93,"column":null}},"type":"if","locations":[{"start":{"line":90,"column":4},"end":{"line":93,"column":null}},{"start":{"line":90,"column":4},"end":{"line":93,"column":null}}]},"15":{"loc":{"start":{"line":99,"column":4},"end":{"line":109,"column":null}},"type":"if","locations":[{"start":{"line":99,"column":4},"end":{"line":109,"column":null}},{"start":{"line":99,"column":4},"end":{"line":109,"column":null}}]},"16":{"loc":{"start":{"line":115,"column":4},"end":{"line":118,"column":null}},"type":"if","locations":[{"start":{"line":115,"column":4},"end":{"line":118,"column":null}},{"start":{"line":115,"column":4},"end":{"line":118,"column":null}}]},"17":{"loc":{"start":{"line":124,"column":4},"end":{"line":126,"column":null}},"type":"if","locations":[{"start":{"line":124,"column":4},"end":{"line":126,"column":null}},{"start":{"line":124,"column":4},"end":{"line":126,"column":null}}]},"18":{"loc":{"start":{"line":124,"column":8},"end":{"line":124,"column":12}},"type":"binary-expr","locations":[{"start":{"line":124,"column":8},"end":{"line":124,"column":12}},{"start":{"line":124,"column":16},"end":{"line":124,"column":40}}]},"19":{"loc":{"start":{"line":132,"column":4},"end":{"line":134,"column":null}},"type":"if","locations":[{"start":{"line":132,"column":4},"end":{"line":134,"column":null}},{"start":{"line":132,"column":4},"end":{"line":134,"column":null}}]},"20":{"loc":{"start":{"line":140,"column":4},"end":{"line":142,"column":null}},"type":"if","locations":[{"start":{"line":140,"column":4},"end":{"line":142,"column":null}},{"start":{"line":140,"column":4},"end":{"line":142,"column":null}}]},"21":{"loc":{"start":{"line":148,"column":4},"end":{"line":150,"column":null}},"type":"if","locations":[{"start":{"line":148,"column":4},"end":{"line":150,"column":null}},{"start":{"line":148,"column":4},"end":{"line":150,"column":null}}]},"22":{"loc":{"start":{"line":156,"column":4},"end":{"line":158,"column":null}},"type":"if","locations":[{"start":{"line":156,"column":4},"end":{"line":158,"column":null}},{"start":{"line":156,"column":4},"end":{"line":158,"column":null}}]},"23":{"loc":{"start":{"line":166,"column":6},"end":{"line":167,"column":null}},"type":"switch","locations":[{"start":{"line":166,"column":6},"end":{"line":167,"column":null}},{"start":{"line":168,"column":6},"end":{"line":169,"column":null}},{"start":{"line":170,"column":6},"end":{"line":171,"column":null}},{"start":{"line":172,"column":6},"end":{"line":173,"column":null}},{"start":{"line":174,"column":6},"end":{"line":175,"column":null}},{"start":{"line":176,"column":6},"end":{"line":177,"column":null}},{"start":{"line":178,"column":6},"end":{"line":179,"column":null}}]},"24":{"loc":{"start":{"line":183,"column":4},"end":{"line":185,"column":null}},"type":"if","locations":[{"start":{"line":183,"column":4},"end":{"line":185,"column":null}},{"start":{"line":183,"column":4},"end":{"line":185,"column":null}}]},"25":{"loc":{"start":{"line":218,"column":4},"end":{"line":218,"column":null}},"type":"if","locations":[{"start":{"line":218,"column":4},"end":{"line":218,"column":null}},{"start":{"line":218,"column":4},"end":{"line":218,"column":null}}]},"26":{"loc":{"start":{"line":219,"column":4},"end":{"line":219,"column":null}},"type":"if","locations":[{"start":{"line":219,"column":4},"end":{"line":219,"column":null}},{"start":{"line":219,"column":4},"end":{"line":219,"column":null}}]},"27":{"loc":{"start":{"line":221,"column":4},"end":{"line":223,"column":null}},"type":"if","locations":[{"start":{"line":221,"column":4},"end":{"line":223,"column":null}},{"start":{"line":221,"column":4},"end":{"line":223,"column":null}}]},"28":{"loc":{"start":{"line":227,"column":33},"end":{"line":227,"column":null}},"type":"if","locations":[{"start":{"line":227,"column":33},"end":{"line":227,"column":null}},{"start":{"line":227,"column":33},"end":{"line":227,"column":null}}]},"29":{"loc":{"start":{"line":228,"column":4},"end":{"line":230,"column":null}},"type":"if","locations":[{"start":{"line":228,"column":4},"end":{"line":230,"column":null}},{"start":{"line":228,"column":4},"end":{"line":230,"column":null}}]},"30":{"loc":{"start":{"line":235,"column":4},"end":{"line":237,"column":null}},"type":"if","locations":[{"start":{"line":235,"column":4},"end":{"line":237,"column":null}},{"start":{"line":235,"column":4},"end":{"line":237,"column":null}}]},"31":{"loc":{"start":{"line":243,"column":4},"end":{"line":243,"column":null}},"type":"if","locations":[{"start":{"line":243,"column":4},"end":{"line":243,"column":null}},{"start":{"line":243,"column":4},"end":{"line":243,"column":null}}]},"32":{"loc":{"start":{"line":244,"column":4},"end":{"line":244,"column":null}},"type":"if","locations":[{"start":{"line":244,"column":4},"end":{"line":244,"column":null}},{"start":{"line":244,"column":4},"end":{"line":244,"column":null}}]},"33":{"loc":{"start":{"line":245,"column":4},"end":{"line":245,"column":null}},"type":"if","locations":[{"start":{"line":245,"column":4},"end":{"line":245,"column":null}},{"start":{"line":245,"column":4},"end":{"line":245,"column":null}}]},"34":{"loc":{"start":{"line":247,"column":4},"end":{"line":249,"column":null}},"type":"if","locations":[{"start":{"line":247,"column":4},"end":{"line":249,"column":null}},{"start":{"line":247,"column":4},"end":{"line":249,"column":null}}]},"35":{"loc":{"start":{"line":253,"column":33},"end":{"line":253,"column":53}},"type":"if","locations":[{"start":{"line":253,"column":33},"end":{"line":253,"column":53}},{"start":{"line":253,"column":33},"end":{"line":253,"column":53}}]},"36":{"loc":{"start":{"line":253,"column":53},"end":{"line":253,"column":null}},"type":"if","locations":[{"start":{"line":253,"column":53},"end":{"line":253,"column":null}},{"start":{"line":253,"column":53},"end":{"line":253,"column":null}}]},"37":{"loc":{"start":{"line":254,"column":4},"end":{"line":256,"column":null}},"type":"if","locations":[{"start":{"line":254,"column":4},"end":{"line":256,"column":null}},{"start":{"line":254,"column":4},"end":{"line":256,"column":null}}]},"38":{"loc":{"start":{"line":260,"column":33},"end":{"line":260,"column":null}},"type":"if","locations":[{"start":{"line":260,"column":33},"end":{"line":260,"column":null}},{"start":{"line":260,"column":33},"end":{"line":260,"column":null}}]},"39":{"loc":{"start":{"line":261,"column":4},"end":{"line":263,"column":null}},"type":"if","locations":[{"start":{"line":261,"column":4},"end":{"line":263,"column":null}},{"start":{"line":261,"column":4},"end":{"line":263,"column":null}}]},"40":{"loc":{"start":{"line":267,"column":25},"end":{"line":267,"column":null}},"type":"if","locations":[{"start":{"line":267,"column":25},"end":{"line":267,"column":null}},{"start":{"line":267,"column":25},"end":{"line":267,"column":null}}]},"41":{"loc":{"start":{"line":268,"column":4},"end":{"line":270,"column":null}},"type":"if","locations":[{"start":{"line":268,"column":4},"end":{"line":270,"column":null}},{"start":{"line":268,"column":4},"end":{"line":270,"column":null}}]},"42":{"loc":{"start":{"line":311,"column":4},"end":{"line":313,"column":null}},"type":"if","locations":[{"start":{"line":311,"column":4},"end":{"line":313,"column":null}},{"start":{"line":311,"column":4},"end":{"line":313,"column":null}}]},"43":{"loc":{"start":{"line":318,"column":4},"end":{"line":326,"column":null}},"type":"if","locations":[{"start":{"line":318,"column":4},"end":{"line":326,"column":null}},{"start":{"line":318,"column":4},"end":{"line":326,"column":null}}]},"44":{"loc":{"start":{"line":320,"column":11},"end":{"line":326,"column":null}},"type":"if","locations":[{"start":{"line":320,"column":11},"end":{"line":326,"column":null}},{"start":{"line":320,"column":11},"end":{"line":326,"column":null}}]},"45":{"loc":{"start":{"line":322,"column":11},"end":{"line":326,"column":null}},"type":"if","locations":[{"start":{"line":322,"column":11},"end":{"line":326,"column":null}},{"start":{"line":322,"column":11},"end":{"line":326,"column":null}}]},"46":{"loc":{"start":{"line":322,"column":15},"end":{"line":322,"column":39}},"type":"binary-expr","locations":[{"start":{"line":322,"column":15},"end":{"line":322,"column":39}},{"start":{"line":322,"column":43},"end":{"line":322,"column":67}}]},"47":{"loc":{"start":{"line":329,"column":24},"end":{"line":329,"column":42}},"type":"cond-expr","locations":[{"start":{"line":329,"column":24},"end":{"line":329,"column":42}},{"start":{"line":329,"column":45},"end":{"line":329,"column":62}}]},"48":{"loc":{"start":{"line":340,"column":2},"end":{"line":363,"column":null}},"type":"if","locations":[{"start":{"line":340,"column":2},"end":{"line":363,"column":null}},{"start":{"line":340,"column":2},"end":{"line":363,"column":null}}]},"49":{"loc":{"start":{"line":343,"column":4},"end":{"line":362,"column":null}},"type":"if","locations":[{"start":{"line":343,"column":4},"end":{"line":362,"column":null}},{"start":{"line":343,"column":4},"end":{"line":362,"column":null}}]},"50":{"loc":{"start":{"line":343,"column":8},"end":{"line":343,"column":29}},"type":"binary-expr","locations":[{"start":{"line":343,"column":8},"end":{"line":343,"column":29}},{"start":{"line":343,"column":33},"end":{"line":343,"column":65}}]},"51":{"loc":{"start":{"line":345,"column":11},"end":{"line":362,"column":null}},"type":"if","locations":[{"start":{"line":345,"column":11},"end":{"line":362,"column":null}},{"start":{"line":345,"column":11},"end":{"line":362,"column":null}}]},"52":{"loc":{"start":{"line":345,"column":15},"end":{"line":345,"column":37}},"type":"binary-expr","locations":[{"start":{"line":345,"column":15},"end":{"line":345,"column":37}},{"start":{"line":345,"column":41},"end":{"line":345,"column":74}}]},"53":{"loc":{"start":{"line":347,"column":11},"end":{"line":362,"column":null}},"type":"if","locations":[{"start":{"line":347,"column":11},"end":{"line":362,"column":null}},{"start":{"line":347,"column":11},"end":{"line":362,"column":null}}]},"54":{"loc":{"start":{"line":348,"column":6},"end":{"line":348,"column":30}},"type":"binary-expr","locations":[{"start":{"line":348,"column":6},"end":{"line":348,"column":30}},{"start":{"line":349,"column":6},"end":{"line":349,"column":41}}]},"55":{"loc":{"start":{"line":352,"column":11},"end":{"line":362,"column":null}},"type":"if","locations":[{"start":{"line":352,"column":11},"end":{"line":362,"column":null}},{"start":{"line":352,"column":11},"end":{"line":362,"column":null}}]},"56":{"loc":{"start":{"line":353,"column":6},"end":{"line":353,"column":30}},"type":"binary-expr","locations":[{"start":{"line":353,"column":6},"end":{"line":353,"column":30}},{"start":{"line":354,"column":6},"end":{"line":354,"column":41}}]},"57":{"loc":{"start":{"line":357,"column":11},"end":{"line":362,"column":null}},"type":"if","locations":[{"start":{"line":357,"column":11},"end":{"line":362,"column":null}},{"start":{"line":357,"column":11},"end":{"line":362,"column":null}}]},"58":{"loc":{"start":{"line":358,"column":6},"end":{"line":358,"column":26}},"type":"binary-expr","locations":[{"start":{"line":358,"column":6},"end":{"line":358,"column":26}},{"start":{"line":359,"column":6},"end":{"line":359,"column":46}}]},"59":{"loc":{"start":{"line":367,"column":2},"end":{"line":371,"column":null}},"type":"if","locations":[{"start":{"line":367,"column":2},"end":{"line":371,"column":null}},{"start":{"line":367,"column":2},"end":{"line":371,"column":null}}]},"60":{"loc":{"start":{"line":369,"column":9},"end":{"line":371,"column":null}},"type":"if","locations":[{"start":{"line":369,"column":9},"end":{"line":371,"column":null}},{"start":{"line":369,"column":9},"end":{"line":371,"column":null}}]},"61":{"loc":{"start":{"line":392,"column":12},"end":{"line":392,"column":20}},"type":"binary-expr","locations":[{"start":{"line":392,"column":12},"end":{"line":392,"column":20}},{"start":{"line":392,"column":12},"end":{"line":392,"column":null}}]}},"s":{"0":1,"1":1,"2":7,"3":7,"4":7,"5":7,"6":7,"7":5,"8":0,"9":5,"10":5,"11":3,"12":2,"13":2,"14":2,"15":2,"16":2,"17":2,"18":2,"19":2,"20":2,"21":2,"22":2,"23":2,"24":2,"25":2,"26":2,"27":2,"28":2,"29":2,"30":2,"31":2,"32":2,"33":1,"34":1,"35":1,"36":2,"37":1,"38":2,"39":1,"40":0,"41":0,"42":0,"43":0,"44":0,"45":0,"46":0,"47":0,"48":0,"49":0,"50":1,"51":0,"52":0,"53":0,"54":0,"55":0,"56":1,"57":0,"58":0,"59":0,"60":0,"61":0,"62":0,"63":0,"64":0,"65":1,"66":0,"67":0,"68":0,"69":0,"70":0,"71":1,"72":1,"73":1,"74":1,"75":1,"76":1,"77":1,"78":1,"79":1,"80":1,"81":1,"82":0,"83":0,"84":0,"85":0,"86":1,"87":0,"88":0,"89":0,"90":0,"91":1,"92":0,"93":0,"94":0,"95":0,"96":1,"97":0,"98":0,"99":0,"100":0,"101":0,"102":0,"103":0,"104":0,"105":1,"106":0,"107":0,"108":1,"109":0,"110":1,"111":0,"112":1,"113":0,"114":1,"115":0,"116":1,"117":0,"118":1,"119":0,"120":1,"121":0,"122":1,"123":0,"124":0,"125":0,"126":0,"127":0,"128":1,"129":0,"130":0,"131":0,"132":0,"133":1,"134":0,"135":0,"136":0,"137":1,"138":0,"139":0,"140":0,"141":0,"142":0,"143":0,"144":1,"145":0,"146":0,"147":0,"148":0,"149":0,"150":1,"151":0,"152":0,"153":0,"154":0,"155":1,"156":0,"157":0,"158":0,"159":0,"160":1,"161":0,"162":1,"163":1,"164":1,"165":1,"166":1,"167":1,"168":1,"169":1,"170":1,"171":1,"172":1,"173":2,"174":1,"175":0,"176":1,"177":1,"178":1,"179":0,"180":0,"181":1,"182":0,"183":0,"184":0,"185":0,"186":0,"187":0,"188":0,"189":0,"190":0,"191":1,"192":0,"193":1,"194":1,"195":1,"196":3,"197":0,"198":3,"199":0,"200":3,"201":0,"202":3,"203":0,"204":3,"205":0,"206":3,"207":0,"208":1,"209":2,"210":0,"211":2,"212":0,"213":2,"214":1,"215":0,"216":0,"217":0,"218":0,"219":0,"220":0,"221":1,"222":1,"223":1,"224":1,"225":1,"226":1,"227":1,"228":1,"229":1},"f":{"0":1,"1":7,"2":1,"3":2,"4":0,"5":0,"6":0,"7":0,"8":1,"9":1,"10":0,"11":0,"12":0,"13":0,"14":0,"15":0,"16":0,"17":0,"18":0,"19":0,"20":0,"21":0,"22":0,"23":0,"24":0,"25":0,"26":0,"27":0,"28":0,"29":0,"30":1,"31":1,"32":1,"33":1,"34":1,"35":2,"36":0,"37":1,"38":0,"39":0,"40":0,"41":3,"42":2,"43":0,"44":1},"b":{"0":[5,2],"1":[0,5],"2":[0,5],"3":[3,2],"4":[2,0],"5":[2,0],"6":[2,0],"7":[2,0],"8":[2,0],"9":[2,0],"10":[2,0],"11":[2,0],"12":[1,1],"13":[0,0,0,0,0,0,0,0,0],"14":[0,0],"15":[0,0],"16":[0,0],"17":[1,0],"18":[1,1],"19":[1,0],"20":[0,0],"21":[0,0],"22":[0,0],"23":[0,0,0,0,0,0,0],"24":[0,0],"25":[0,0],"26":[0,0],"27":[0,0],"28":[0,0],"29":[0,0],"30":[0,0],"31":[0,0],"32":[0,0],"33":[0,0],"34":[0,0],"35":[0,0],"36":[0,0],"37":[0,0],"38":[0,0],"39":[0,0],"40":[0,0],"41":[0,0],"42":[0,0],"43":[0,0],"44":[0,0],"45":[0,0],"46":[0,0],"47":[0,0],"48":[0,3],"49":[0,3],"50":[3,3],"51":[0,3],"52":[3,3],"53":[0,3],"54":[3,3],"55":[0,3],"56":[3,3],"57":[0,3],"58":[3,0],"59":[0,2],"60":[0,2],"61":[1,1]}}
}
