TN:
SF:src/formatter.ts
FN:1,(anonymous_0)
FN:22,(anonymous_1)
FN:34,Formatter
FN:73,(anonymous_3)
FN:79,(anonymous_4)
FN:86,(anonymous_5)
FN:91,(anonymous_6)
FN:136,(anonymous_7)
FN:146,(anonymous_8)
FN:153,(anonymous_9)
FNF:10
FNH:2
FNDA:1,(anonymous_0)
FNDA:1,(anonymous_1)
FNDA:0,Formatter
FNDA:0,(anonymous_3)
FNDA:0,(anonymous_4)
FNDA:0,(anonymous_5)
FNDA:0,(anonymous_6)
FNDA:0,(anonymous_7)
FNDA:0,(anonymous_8)
FNDA:0,(anonymous_9)
DA:1,1
DA:2,1
DA:3,1
DA:4,1
DA:5,1
DA:6,1
DA:7,1
DA:8,1
DA:9,1
DA:10,1
DA:11,1
DA:12,1
DA:13,1
DA:14,1
DA:15,1
DA:16,1
DA:17,1
DA:18,1
DA:19,1
DA:22,1
DA:35,0
DA:36,0
DA:38,0
DA:40,0
DA:41,0
DA:42,0
DA:43,0
DA:44,0
DA:45,0
DA:46,0
DA:47,0
DA:48,0
DA:57,0
DA:73,1
DA:74,0
DA:77,0
DA:78,0
DA:79,0
DA:80,0
DA:83,0
DA:86,1
DA:87,0
DA:88,0
DA:91,1
DA:92,0
DA:94,0
DA:96,0
DA:98,0
DA:100,0
DA:102,0
DA:104,0
DA:106,0
DA:108,0
DA:110,0
DA:112,0
DA:114,0
DA:118,0
DA:120,0
DA:122,0
DA:124,0
DA:126,0
DA:128,0
DA:130,0
DA:132,0
DA:136,1
DA:137,0
DA:146,1
DA:147,0
DA:148,0
DA:150,0
DA:153,1
DA:154,0
DA:155,0
DA:157,0
DA:160,1
DA:162,1
LF:76
LH:28
BRDA:1,0,0,1
BRDA:1,0,1,1
BRDA:35,1,0,0
BRDA:35,1,1,0
BRDA:77,2,0,0
BRDA:77,2,1,0
BRDA:93,3,0,0
BRDA:93,3,1,0
BRDA:93,3,2,0
BRDA:93,3,3,0
BRDA:93,3,4,0
BRDA:93,3,5,0
BRDA:93,3,6,0
BRDA:93,3,7,0
BRDA:93,3,8,0
BRDA:93,3,9,0
BRDA:93,3,10,0
BRDA:93,3,11,0
BRDA:93,3,12,0
BRDA:93,3,13,0
BRDA:93,3,14,0
BRDA:93,3,15,0
BRDA:93,3,16,0
BRDA:93,3,17,0
BRDA:93,3,18,0
BRDA:115,4,0,0
BRDA:115,4,1,0
BRDA:128,5,0,0
BRDA:128,5,1,0
BRDA:140,6,0,0
BRDA:140,6,1,0
BRDA:141,7,0,0
BRDA:141,7,1,0
BRDA:141,8,0,0
BRDA:141,8,1,0
BRDA:141,8,2,0
BRDA:147,9,0,0
BRDA:147,9,1,0
BRDA:154,10,0,0
BRDA:154,10,1,0
BRF:40
BRH:2
end_of_record
TN:
SF:src/index.ts
FN:2,(anonymous_1)
FN:8,Timer
FN:52,(anonymous_3)
FN:56,(anonymous_4)
FN:65,(anonymous_5)
FN:88,(anonymous_6)
FN:97,(anonymous_7)
FN:113,(anonymous_8)
FN:122,(anonymous_9)
FN:130,(anonymous_10)
FN:138,(anonymous_11)
FN:146,(anonymous_12)
FN:154,(anonymous_13)
FN:164,(anonymous_14)
FN:182,(anonymous_15)
FN:188,(anonymous_16)
FN:192,(anonymous_17)
FN:196,(anonymous_18)
FN:200,(anonymous_19)
FN:204,(anonymous_20)
FN:208,(anonymous_21)
FN:212,(anonymous_22)
FN:216,(anonymous_23)
FN:227,(anonymous_24)
FN:234,(anonymous_25)
FN:241,(anonymous_26)
FN:253,(anonymous_27)
FN:260,(anonymous_28)
FN:267,(anonymous_29)
FN:274,(anonymous_30)
FN:278,(anonymous_31)
FN:282,(anonymous_32)
FN:286,(anonymous_33)
FN:290,(anonymous_34)
FN:294,(anonymous_35)
FN:298,(anonymous_36)
FN:302,(anonymous_37)
FN:306,(anonymous_38)
FN:310,(anonymous_39)
FN:316,(anonymous_40)
FN:332,(anonymous_41)
FN:339,(anonymous_42)
FN:366,(anonymous_43)
FN:374,(anonymous_44)
FN:392,(anonymous_45)
FNF:45
FNH:16
FNDA:1,(anonymous_1)
FNDA:7,Timer
FNDA:1,(anonymous_3)
FNDA:2,(anonymous_4)
FNDA:0,(anonymous_5)
FNDA:0,(anonymous_6)
FNDA:0,(anonymous_7)
FNDA:0,(anonymous_8)
FNDA:1,(anonymous_9)
FNDA:1,(anonymous_10)
FNDA:0,(anonymous_11)
FNDA:0,(anonymous_12)
FNDA:0,(anonymous_13)
FNDA:0,(anonymous_14)
FNDA:0,(anonymous_15)
FNDA:0,(anonymous_16)
FNDA:0,(anonymous_17)
FNDA:0,(anonymous_18)
FNDA:0,(anonymous_19)
FNDA:0,(anonymous_20)
FNDA:0,(anonymous_21)
FNDA:0,(anonymous_22)
FNDA:0,(anonymous_23)
FNDA:0,(anonymous_24)
FNDA:0,(anonymous_25)
FNDA:0,(anonymous_26)
FNDA:0,(anonymous_27)
FNDA:0,(anonymous_28)
FNDA:0,(anonymous_29)
FNDA:0,(anonymous_30)
FNDA:1,(anonymous_31)
FNDA:1,(anonymous_32)
FNDA:1,(anonymous_33)
FNDA:1,(anonymous_34)
FNDA:1,(anonymous_35)
FNDA:2,(anonymous_36)
FNDA:0,(anonymous_37)
FNDA:1,(anonymous_38)
FNDA:0,(anonymous_39)
FNDA:0,(anonymous_40)
FNDA:0,(anonymous_41)
FNDA:3,(anonymous_42)
FNDA:2,(anonymous_43)
FNDA:0,(anonymous_44)
FNDA:1,(anonymous_45)
DA:1,1
DA:2,1
DA:3,7
DA:4,7
DA:5,7
DA:6,7
DA:9,7
DA:10,5
DA:11,0
DA:12,5
DA:13,5
DA:14,3
DA:16,2
DA:17,2
DA:18,2
DA:19,2
DA:21,2
DA:22,2
DA:24,2
DA:25,2
DA:27,2
DA:28,2
DA:30,2
DA:31,2
DA:33,2
DA:34,2
DA:36,2
DA:37,2
DA:39,2
DA:40,2
DA:43,2
DA:45,2
DA:48,2
DA:52,1
DA:53,1
DA:56,1
DA:57,2
DA:58,1
DA:60,2
DA:65,1
DA:66,0
DA:68,0
DA:70,0
DA:72,0
DA:74,0
DA:76,0
DA:78,0
DA:80,0
DA:82,0
DA:84,0
DA:88,1
DA:89,0
DA:90,0
DA:91,0
DA:92,0
DA:94,0
DA:97,1
DA:98,0
DA:99,0
DA:100,0
DA:101,0
DA:102,0
DA:103,0
DA:105,0
DA:110,0
DA:113,1
DA:114,0
DA:115,0
DA:116,0
DA:117,0
DA:119,0
DA:122,1
DA:123,1
DA:124,1
DA:125,1
DA:127,1
DA:130,1
DA:131,1
DA:132,1
DA:133,1
DA:135,1
DA:138,1
DA:139,0
DA:140,0
DA:141,0
DA:143,0
DA:146,1
DA:147,0
DA:148,0
DA:149,0
DA:151,0
DA:154,1
DA:155,0
DA:156,0
DA:157,0
DA:159,0
DA:164,1
DA:165,0
DA:167,0
DA:169,0
DA:171,0
DA:173,0
DA:175,0
DA:177,0
DA:179,0
DA:182,1
DA:183,0
DA:184,0
DA:188,1
DA:189,0
DA:192,1
DA:193,0
DA:196,1
DA:197,0
DA:200,1
DA:201,0
DA:204,1
DA:205,0
DA:208,1
DA:209,0
DA:212,1
DA:213,0
DA:216,1
DA:218,0
DA:219,0
DA:221,0
DA:222,0
DA:224,0
DA:227,1
DA:228,0
DA:229,0
DA:231,0
DA:234,1
DA:235,0
DA:236,0
DA:238,0
DA:241,1
DA:243,0
DA:244,0
DA:245,0
DA:247,0
DA:248,0
DA:250,0
DA:253,1
DA:254,0
DA:255,0
DA:257,0
DA:260,1
DA:261,0
DA:262,0
DA:264,0
DA:267,1
DA:268,0
DA:269,0
DA:271,0
DA:274,1
DA:275,0
DA:278,1
DA:279,1
DA:282,1
DA:283,1
DA:286,1
DA:287,1
DA:290,1
DA:291,1
DA:294,1
DA:295,1
DA:298,1
DA:299,2
DA:302,1
DA:303,0
DA:306,1
DA:307,1
DA:310,1
DA:311,0
DA:312,0
DA:316,1
DA:318,0
DA:319,0
DA:320,0
DA:321,0
DA:322,0
DA:323,0
DA:325,0
DA:327,0
DA:329,0
DA:332,1
DA:333,0
DA:335,1
DA:337,1
DA:339,1
DA:340,3
DA:341,0
DA:343,3
DA:344,0
DA:345,3
DA:346,0
DA:347,3
DA:351,0
DA:352,3
DA:356,0
DA:357,3
DA:361,0
DA:366,1
DA:367,2
DA:368,0
DA:369,2
DA:370,0
DA:372,2
DA:374,1
DA:375,0
DA:376,0
DA:377,0
DA:378,0
DA:379,0
DA:380,0
DA:392,1
DA:393,1
DA:394,1
DA:395,1
DA:396,1
DA:397,1
DA:398,1
DA:399,1
DA:400,1
LF:225
LH:113
BRDA:9,0,0,5
BRDA:9,0,1,2
BRDA:10,1,0,0
BRDA:10,1,1,5
BRDA:12,2,0,0
BRDA:12,2,1,5
BRDA:13,3,0,3
BRDA:13,3,1,2
BRDA:18,4,0,2
BRDA:18,4,1,0
BRDA:21,5,0,2
BRDA:21,5,1,0
BRDA:24,6,0,2
BRDA:24,6,1,0
BRDA:27,7,0,2
BRDA:27,7,1,0
BRDA:30,8,0,2
BRDA:30,8,1,0
BRDA:33,9,0,2
BRDA:33,9,1,0
BRDA:36,10,0,2
BRDA:36,10,1,0
BRDA:39,11,0,2
BRDA:39,11,1,0
BRDA:57,12,0,1
BRDA:57,12,1,1
BRDA:67,13,0,0
BRDA:67,13,1,0
BRDA:67,13,2,0
BRDA:67,13,3,0
BRDA:67,13,4,0
BRDA:67,13,5,0
BRDA:67,13,6,0
BRDA:67,13,7,0
BRDA:67,13,8,0
BRDA:90,14,0,0
BRDA:90,14,1,0
BRDA:99,15,0,0
BRDA:99,15,1,0
BRDA:115,16,0,0
BRDA:115,16,1,0
BRDA:124,17,0,1
BRDA:124,17,1,0
BRDA:124,18,0,1
BRDA:124,18,1,1
BRDA:132,19,0,1
BRDA:132,19,1,0
BRDA:140,20,0,0
BRDA:140,20,1,0
BRDA:148,21,0,0
BRDA:148,21,1,0
BRDA:156,22,0,0
BRDA:156,22,1,0
BRDA:166,23,0,0
BRDA:166,23,1,0
BRDA:166,23,2,0
BRDA:166,23,3,0
BRDA:166,23,4,0
BRDA:166,23,5,0
BRDA:166,23,6,0
BRDA:183,24,0,0
BRDA:183,24,1,0
BRDA:218,25,0,0
BRDA:218,25,1,0
BRDA:219,26,0,0
BRDA:219,26,1,0
BRDA:221,27,0,0
BRDA:221,27,1,0
BRDA:227,28,0,0
BRDA:227,28,1,0
BRDA:228,29,0,0
BRDA:228,29,1,0
BRDA:235,30,0,0
BRDA:235,30,1,0
BRDA:243,31,0,0
BRDA:243,31,1,0
BRDA:244,32,0,0
BRDA:244,32,1,0
BRDA:245,33,0,0
BRDA:245,33,1,0
BRDA:247,34,0,0
BRDA:247,34,1,0
BRDA:253,35,0,0
BRDA:253,35,1,0
BRDA:253,36,0,0
BRDA:253,36,1,0
BRDA:254,37,0,0
BRDA:254,37,1,0
BRDA:260,38,0,0
BRDA:260,38,1,0
BRDA:261,39,0,0
BRDA:261,39,1,0
BRDA:267,40,0,0
BRDA:267,40,1,0
BRDA:268,41,0,0
BRDA:268,41,1,0
BRDA:311,42,0,0
BRDA:311,42,1,0
BRDA:318,43,0,0
BRDA:318,43,1,0
BRDA:320,44,0,0
BRDA:320,44,1,0
BRDA:322,45,0,0
BRDA:322,45,1,0
BRDA:322,46,0,0
BRDA:322,46,1,0
BRDA:329,47,0,0
BRDA:329,47,1,0
BRDA:340,48,0,0
BRDA:340,48,1,3
BRDA:343,49,0,0
BRDA:343,49,1,3
BRDA:343,50,0,3
BRDA:343,50,1,3
BRDA:345,51,0,0
BRDA:345,51,1,3
BRDA:345,52,0,3
BRDA:345,52,1,3
BRDA:347,53,0,0
BRDA:347,53,1,3
BRDA:348,54,0,3
BRDA:348,54,1,3
BRDA:352,55,0,0
BRDA:352,55,1,3
BRDA:353,56,0,3
BRDA:353,56,1,3
BRDA:357,57,0,0
BRDA:357,57,1,3
BRDA:358,58,0,3
BRDA:358,58,1,0
BRDA:367,59,0,0
BRDA:367,59,1,2
BRDA:369,60,0,0
BRDA:369,60,1,2
BRDA:392,61,0,1
BRDA:392,61,1,1
BRF:136
BRH:39
end_of_record
